<?xml version="1.0" encoding="UTF-8"?>
<!-- Generated by org.testng.reporters.JUnitXMLReporter -->
<testsuite ignored="0" hostname="idc212" failures="0" tests="7" name="Default test" time="0.094" errors="0" timestamp="31 Oct 2023 12:29:45 GMT">
  <testcase classname="TestCases.TestClass" name="test1" time="0.014"/>
  <testcase classname="TestCases.TestClass" name="test2" time="0.005"/>
  <testcase classname="TestCases.TestClass" name="test3" time="0.004"/>
  <testcase classname="TestCases.TestClass" name="test4" time="0.006"/>
  <testcase classname="TestCases.TestClass" name="test5" time="0.005"/>
  <testcase classname="TestCases.TestClass" name="test6" time="0.004"/>
  <testcase classname="TestCases.TestClass" name="test7" time="0.002"/>
</testsuite> <!-- Default test -->
