<?xml version="1.0" encoding="UTF-8"?>
<!-- Generated by org.testng.reporters.JUnitXMLReporter -->
<testsuite ignored="0" hostname="idc212" failures="0" tests="6" name="Default test" time="0.066" errors="0" timestamp="01 Nov 2023 13:11:32 GMT">
  <testcase classname="TestCases.TestClass1" name="testcase2" time="0.011"/>
  <testcase classname="TestCases.TestClass1" name="testcase3" time="0.002"/>
  <testcase classname="TestCases.TestClass1" name="testcase4" time="0.001"/>
  <testcase classname="TestCases.TestClass1" name="testcase5" time="0.002"/>
  <testcase classname="TestCases.TestClass1" name="testcase6" time="0.001"/>
  <testcase classname="TestCases.TestClass1" name="testcase7" time="0.007"/>
</testsuite> <!-- Default test -->
