<?xml version="1.0" encoding="UTF-8"?>
<testng-results ignored="0" total="3" passed="3" failed="0" skipped="0">
  <reporter-output>
  </reporter-output>
  <suite started-at="2023-10-30T09:20:23Z" name="Default suite" finished-at="2023-10-30T09:20:23Z" duration-ms="47">
    <groups>
    </groups>
    <test started-at="2023-10-30T09:20:23Z" name="Default test" finished-at="2023-10-30T09:20:23Z" duration-ms="47">
      <class name="TestCases.TestClass">
        <test-method signature="test1()[pri:0, instance:TestCases.TestClass@386f0da3]" started-at="2023-10-30T09:20:23Z" name="test1" finished-at="2023-10-30T09:20:23Z" duration-ms="11" status="PASS">
          <reporter-output>
          </reporter-output>
        </test-method> <!-- test1 -->
        <test-method signature="test2()[pri:0, instance:TestCases.TestClass@386f0da3]" started-at="2023-10-30T09:20:23Z" name="test2" finished-at="2023-10-30T09:20:23Z" duration-ms="4" status="PASS">
          <reporter-output>
          </reporter-output>
        </test-method> <!-- test2 -->
        <test-method signature="test3()[pri:0, instance:TestCases.TestClass@386f0da3]" started-at="2023-10-30T09:20:23Z" name="test3" finished-at="2023-10-30T09:20:23Z" duration-ms="1" status="PASS">
          <reporter-output>
          </reporter-output>
        </test-method> <!-- test3 -->
      </class> <!-- TestCases.TestClass -->
    </test> <!-- Default test -->
  </suite> <!-- Default suite -->
</testng-results>
