<?xml version="1.0" encoding="UTF-8"?>
<testng-results ignored="0" total="7" passed="7" failed="0" skipped="0">
  <reporter-output>
  </reporter-output>
  <suite started-at="2023-10-31T12:29:44Z" name="Default suite" finished-at="2023-10-31T12:29:45Z" duration-ms="94">
    <groups>
    </groups>
    <test started-at="2023-10-31T12:29:44Z" name="Default test" finished-at="2023-10-31T12:29:45Z" duration-ms="94">
      <class name="TestCases.TestClass">
        <test-method signature="test1()[pri:0, instance:TestCases.TestClass@7dda48d9]" started-at="2023-10-31T12:29:44Z" name="test1" finished-at="2023-10-31T12:29:44Z" duration-ms="14" status="PASS">
          <reporter-output>
          </reporter-output>
        </test-method> <!-- test1 -->
        <test-method signature="test2()[pri:0, instance:TestCases.TestClass@7dda48d9]" started-at="2023-10-31T12:29:44Z" name="test2" finished-at="2023-10-31T12:29:44Z" duration-ms="5" status="PASS">
          <reporter-output>
          </reporter-output>
        </test-method> <!-- test2 -->
        <test-method signature="test3()[pri:0, instance:TestCases.TestClass@7dda48d9]" started-at="2023-10-31T12:29:44Z" name="test3" finished-at="2023-10-31T12:29:44Z" duration-ms="4" status="PASS">
          <reporter-output>
          </reporter-output>
        </test-method> <!-- test3 -->
        <test-method signature="test4()[pri:0, instance:TestCases.TestClass@7dda48d9]" started-at="2023-10-31T12:29:44Z" name="test4" finished-at="2023-10-31T12:29:44Z" duration-ms="6" status="PASS">
          <reporter-output>
          </reporter-output>
        </test-method> <!-- test4 -->
        <test-method signature="test5()[pri:0, instance:TestCases.TestClass@7dda48d9]" started-at="2023-10-31T12:29:45Z" name="test5" finished-at="2023-10-31T12:29:45Z" duration-ms="5" status="PASS">
          <reporter-output>
          </reporter-output>
        </test-method> <!-- test5 -->
        <test-method signature="test6()[pri:0, instance:TestCases.TestClass@7dda48d9]" started-at="2023-10-31T12:29:45Z" name="test6" finished-at="2023-10-31T12:29:45Z" duration-ms="4" status="PASS">
          <reporter-output>
          </reporter-output>
        </test-method> <!-- test6 -->
        <test-method signature="test7()[pri:0, instance:TestCases.TestClass@7dda48d9]" started-at="2023-10-31T12:29:45Z" name="test7" finished-at="2023-10-31T12:29:45Z" duration-ms="2" status="PASS">
          <reporter-output>
          </reporter-output>
        </test-method> <!-- test7 -->
      </class> <!-- TestCases.TestClass -->
    </test> <!-- Default test -->
  </suite> <!-- Default suite -->
</testng-results>
